<?xml version="1.0" encoding="UTF-8"?>
<testng-results skipped="0" failed="0" total="1" passed="1">
  <reporter-output>
  </reporter-output>
  <suite name="Default suite" duration-ms="10730" started-at="2017-10-26T08:33:16Z" finished-at="2017-10-26T08:33:26Z">
    <groups>
    </groups>
    <test name="Default test" duration-ms="10730" started-at="2017-10-26T08:33:16Z" finished-at="2017-10-26T08:33:26Z">
      <class name="com.monaji.TestCases.VerifyValidLoginMonaji">
        <test-method status="PASS" signature="checkValidUser()[pri:0, instance:com.monaji.TestCases.VerifyValidLoginMonaji@ea4a92b]" name="checkValidUser" duration-ms="10718" started-at="2017-10-26T14:03:16Z" finished-at="2017-10-26T14:03:26Z">
          <reporter-output>
          </reporter-output>
        </test-method> <!-- checkValidUser -->
      </class> <!-- com.monaji.TestCases.VerifyValidLoginMonaji -->
    </test> <!-- Default test -->
  </suite> <!-- Default suite -->
</testng-results>
