<?xml version="1.0" encoding="UTF-8"?>
<testsuite xmlns:xsi="http://www.w3.org/2001/XMLSchema-instance" xsi:schemaLocation="https://maven.apache.org/surefire/maven-surefire-plugin/xsd/surefire-test-report.xsd" name="TestSuite" time="1.384" tests="8" errors="0" skipped="6" failures="2">
  <properties>
[...]
</properties>
  <testcase name="setUP" classname="Test_Cases.User_Login" time="0.657">
    <failure message="The path to the driver executable must be set by the webdriver.gecko.driver system property; for more information, see https://github.com/mozilla/geckodriver. The latest version can be downloaded from https://github.com/mozilla/geckodriver/releases" type="java.lang.IllegalStateException">java.lang.IllegalStateException: The path to the driver executable must be set by the webdriver.gecko.driver system property; for more information, see https://github.com/mozilla/geckodriver. The latest version can be downloaded from https://github.com/mozilla/geckodriver/releases
	at Test_Cases.User_Login.setUP(User_Login.java:36)
</failure>
    <system-out><![CDATA[Inside setUP method
]]></system-out>
  </testcase>
  <testcase name="onHomePage" classname="Test_Cases.User_Login" time="0">
    <skipped/>
  </testcase>
  <testcase name="select_Categories" classname="Test_Cases.User_Login" time="0">
    <skipped/>
  </testcase>
  <testcase name="SelectProductAndAddToCart" classname="Test_Cases.User_Login" time="0">
    <skipped/>
  </testcase>
  <testcase name="SelectedProductOverview" classname="Test_Cases.User_Login" time="0">
    <skipped/>
  </testcase>
  <testcase name="cart_OverView" classname="Test_Cases.User_Login" time="0">
    <skipped/>
  </testcase>
  <testcase name="order_Confirmation_Success" classname="Test_Cases.User_Login" time="0">
    <skipped/>
  </testcase>
  <testcase name="closeUP" classname="Test_Cases.User_Login" time="0.001">
    <failure type="java.lang.NullPointerException">java.lang.NullPointerException
	at Test_Cases.User_Login.closeUP(User_Login.java:97)
</failure>
  </testcase>
</testsuite>