<?xml version="1.0" encoding="UTF-8"?>
<testng-results skipped="6" failed="0" total="6" passed="0">
  <reporter-output>
  </reporter-output>
  <suite name="VirtueMart" duration-ms="339" started-at="2017-09-21T08:39:31Z" finished-at="2017-09-21T08:39:31Z">
    <groups>
    </groups>
    <test name="SiteTest" duration-ms="339" started-at="2017-09-21T08:39:31Z" finished-at="2017-09-21T08:39:31Z">
      <class name="Test_Cases.User_Login">
        <test-method status="FAIL" signature="setUP()[pri:0, instance:Test_Cases.User_Login@13fee20c]" name="setUP" is-config="true" duration-ms="0" started-at="2017-09-21T14:09:31Z" finished-at="2017-09-21T14:09:31Z">
          <exception class="java.lang.IllegalStateException">
            <message>
              <![CDATA[The path to the driver executable must be set by the webdriver.gecko.driver system property; for more information, see https://github.com/mozilla/geckodriver. The latest version can be downloaded from https://github.com/mozilla/geckodriver/releases]]>
            </message>
            <full-stacktrace>
              <![CDATA[java.lang.IllegalStateException: The path to the driver executable must be set by the webdriver.gecko.driver system property; for more information, see https://github.com/mozilla/geckodriver. The latest version can be downloaded from https://github.com/mozilla/geckodriver/releases
	at com.google.common.base.Preconditions.checkState(Preconditions.java:199)
	at org.openqa.selenium.remote.service.DriverService.findExecutable(DriverService.java:109)
	at org.openqa.selenium.firefox.GeckoDriverService.access$000(GeckoDriverService.java:37)
	at org.openqa.selenium.firefox.GeckoDriverService$Builder.findDefaultExecutable(GeckoDriverService.java:95)
	at org.openqa.selenium.remote.service.DriverService$Builder.build(DriverService.java:296)
	at org.openqa.selenium.firefox.FirefoxDriver.createCommandExecutor(FirefoxDriver.java:277)
	at org.openqa.selenium.firefox.FirefoxDriver.<init>(FirefoxDriver.java:247)
	at org.openqa.selenium.firefox.FirefoxDriver.<init>(FirefoxDriver.java:242)
	at org.openqa.selenium.firefox.FirefoxDriver.<init>(FirefoxDriver.java:238)
	at org.openqa.selenium.firefox.FirefoxDriver.<init>(FirefoxDriver.java:127)
	at factory.BrowserFactory.getDriver(BrowserFactory.java:21)
	at Test_Cases.User_Login.setUP(User_Login.java:36)
	at sun.reflect.NativeMethodAccessorImpl.invoke0(Native Method)
	at sun.reflect.NativeMethodAccessorImpl.invoke(NativeMethodAccessorImpl.java:62)
	at sun.reflect.DelegatingMethodAccessorImpl.invoke(DelegatingMethodAccessorImpl.java:43)
	at java.lang.reflect.Method.invoke(Method.java:497)
	at org.testng.internal.MethodInvocationHelper.invokeMethod(MethodInvocationHelper.java:86)
	at org.testng.internal.Invoker.invokeConfigurationMethod(Invoker.java:514)
	at org.testng.internal.Invoker.invokeConfigurations(Invoker.java:215)
	at org.testng.internal.Invoker.invokeConfigurations(Invoker.java:142)
	at org.testng.TestRunner.beforeRun(TestRunner.java:656)
	at org.testng.TestRunner.run(TestRunner.java:624)
	at org.testng.SuiteRunner.runTest(SuiteRunner.java:366)
	at org.testng.SuiteRunner.access$000(SuiteRunner.java:39)
	at org.testng.SuiteRunner$SuiteWorker.run(SuiteRunner.java:400)
	at org.testng.internal.thread.ThreadUtil$2.call(ThreadUtil.java:64)
	at java.util.concurrent.FutureTask.run(FutureTask.java:266)
	at java.util.concurrent.ThreadPoolExecutor.runWorker(ThreadPoolExecutor.java:1142)
	at java.util.concurrent.ThreadPoolExecutor$Worker.run(ThreadPoolExecutor.java:617)
	at java.lang.Thread.run(Thread.java:745)
]]>
            </full-stacktrace>
          </exception> <!-- java.lang.IllegalStateException -->
          <reporter-output>
          </reporter-output>
        </test-method> <!-- setUP -->
        <test-method status="SKIP" signature="onHomePage()[pri:1, instance:Test_Cases.User_Login@13fee20c]" name="onHomePage" duration-ms="1" started-at="2017-09-21T14:09:31Z" finished-at="2017-09-21T14:09:31Z">
          <reporter-output>
          </reporter-output>
        </test-method> <!-- onHomePage -->
        <test-method status="SKIP" signature="SelectProductAndAddToCart()[pri:3, instance:Test_Cases.User_Login@13fee20c]" name="SelectProductAndAddToCart" duration-ms="0" started-at="2017-09-21T14:09:31Z" finished-at="2017-09-21T14:09:31Z">
          <reporter-output>
          </reporter-output>
        </test-method> <!-- SelectProductAndAddToCart -->
        <test-method status="SKIP" signature="select_Categories()[pri:2, instance:Test_Cases.User_Login@13fee20c]" name="select_Categories" duration-ms="0" started-at="2017-09-21T14:09:31Z" finished-at="2017-09-21T14:09:31Z">
          <reporter-output>
          </reporter-output>
        </test-method> <!-- select_Categories -->
        <test-method status="SKIP" signature="cart_OverView()[pri:5, instance:Test_Cases.User_Login@13fee20c]" name="cart_OverView" duration-ms="0" started-at="2017-09-21T14:09:31Z" finished-at="2017-09-21T14:09:31Z">
          <reporter-output>
          </reporter-output>
        </test-method> <!-- cart_OverView -->
        <test-method status="SKIP" signature="SelectedProductOverview()[pri:4, instance:Test_Cases.User_Login@13fee20c]" name="SelectedProductOverview" duration-ms="0" started-at="2017-09-21T14:09:31Z" finished-at="2017-09-21T14:09:31Z">
          <reporter-output>
          </reporter-output>
        </test-method> <!-- SelectedProductOverview -->
        <test-method status="SKIP" signature="order_Confirmation_Success()[pri:6, instance:Test_Cases.User_Login@13fee20c]" name="order_Confirmation_Success" duration-ms="0" started-at="2017-09-21T14:09:31Z" finished-at="2017-09-21T14:09:31Z">
          <reporter-output>
          </reporter-output>
        </test-method> <!-- order_Confirmation_Success -->
        <test-method status="FAIL" signature="closeUP()[pri:0, instance:Test_Cases.User_Login@13fee20c]" name="closeUP" is-config="true" duration-ms="0" started-at="2017-09-21T14:09:31Z" finished-at="2017-09-21T14:09:31Z">
          <exception class="java.lang.NullPointerException">
            <full-stacktrace>
              <![CDATA[java.lang.NullPointerException
	at factory.BrowserFactory.tearDown(BrowserFactory.java:42)
	at Test_Cases.User_Login.closeUP(User_Login.java:97)
	at sun.reflect.NativeMethodAccessorImpl.invoke0(Native Method)
	at sun.reflect.NativeMethodAccessorImpl.invoke(NativeMethodAccessorImpl.java:62)
	at sun.reflect.DelegatingMethodAccessorImpl.invoke(DelegatingMethodAccessorImpl.java:43)
	at java.lang.reflect.Method.invoke(Method.java:497)
	at org.testng.internal.MethodInvocationHelper.invokeMethod(MethodInvocationHelper.java:86)
	at org.testng.internal.Invoker.invokeConfigurationMethod(Invoker.java:514)
	at org.testng.internal.Invoker.invokeConfigurations(Invoker.java:215)
	at org.testng.internal.Invoker.invokeConfigurations(Invoker.java:142)
	at org.testng.TestRunner.afterRun(TestRunner.java:1012)
	at org.testng.TestRunner.run(TestRunner.java:636)
	at org.testng.SuiteRunner.runTest(SuiteRunner.java:366)
	at org.testng.SuiteRunner.access$000(SuiteRunner.java:39)
	at org.testng.SuiteRunner$SuiteWorker.run(SuiteRunner.java:400)
	at org.testng.internal.thread.ThreadUtil$2.call(ThreadUtil.java:64)
	at java.util.concurrent.FutureTask.run(FutureTask.java:266)
	at java.util.concurrent.ThreadPoolExecutor.runWorker(ThreadPoolExecutor.java:1142)
	at java.util.concurrent.ThreadPoolExecutor$Worker.run(ThreadPoolExecutor.java:617)
	at java.lang.Thread.run(Thread.java:745)
]]>
            </full-stacktrace>
          </exception> <!-- java.lang.NullPointerException -->
          <reporter-output>
          </reporter-output>
        </test-method> <!-- closeUP -->
      </class> <!-- Test_Cases.User_Login -->
    </test> <!-- SiteTest -->
  </suite> <!-- VirtueMart -->
</testng-results>
