<?xml version="1.0" encoding="UTF-8"?>
<!-- Generated by org.testng.reporters.JUnitXMLReporter -->
<testsuite hostname="Deepak-PC" name="Badges Test" tests="5" failures="0" timestamp="21 Dec 2016 07:00:58 GMT" time="0.005" errors="0">
  <testcase name="test_Badges" time="0.0" classname="com.testcases.Badges">
    <skipped/>
  </testcase> <!-- test_Badges -->
  <testcase name="test_kbBadges" time="0.0" classname="com.testcases.Badges">
    <skipped/>
  </testcase> <!-- test_kbBadges -->
  <testcase name="test_QuizBadges" time="0.0" classname="com.testcases.Badges">
    <skipped/>
  </testcase> <!-- test_QuizBadges -->
  <testcase name="test_SonderBadges" time="0.001" classname="com.testcases.Badges">
    <skipped/>
  </testcase> <!-- test_SonderBadges -->
  <testcase name="test_VersteckteBadges" time="0.001" classname="com.testcases.Badges">
    <skipped/>
  </testcase> <!-- test_VersteckteBadges -->
</testsuite> <!-- Badges Test -->
