<?xml version="1.0" encoding="UTF-8"?>
<!-- Generated by org.testng.reporters.JUnitXMLReporter -->
<testsuite hostname="Deepak-PC" name="Knowledgebase Test" tests="3" failures="0" timestamp="21 Dec 2016 07:00:58 GMT" time="0.003" errors="0">
  <testcase name="test_Login" time="0.0" classname="com.testcases.Knowledgebase">
    <skipped/>
  </testcase> <!-- test_Login -->
  <testcase name="After_learn_Lesson" time="0.001" classname="com.testcases.Knowledgebase">
    <skipped/>
  </testcase> <!-- After_learn_Lesson -->
  <testcase name="Click_Lesson_Link" time="0.0" classname="com.testcases.Knowledgebase">
    <skipped/>
  </testcase> <!-- Click_Lesson_Link -->
</testsuite> <!-- Knowledgebase Test -->
