<?xml version="1.0" encoding="UTF-8"?>
<!-- Generated by org.testng.reporters.JUnitXMLReporter -->
<testsuite hostname="Deepak-PC" name="Score Test" tests="3" failures="0" timestamp="21 Dec 2016 07:00:58 GMT" time="0.002" errors="0">
  <testcase name="test_Score" time="0.001" classname="com.testcases.Score">
    <skipped/>
  </testcase> <!-- test_Score -->
  <testcase name="test_Statistik" time="0.0" classname="com.testcases.Score">
    <skipped/>
  </testcase> <!-- test_Statistik -->
  <testcase name="test_Rangliste" time="0.0" classname="com.testcases.Score">
    <skipped/>
  </testcase> <!-- test_Rangliste -->
</testsuite> <!-- Score Test -->
