<?xml version="1.0" encoding="UTF-8"?>
<!-- Generated by org.testng.reporters.JUnitXMLReporter -->
<testsuite hostname="Deepak-PC" name="Settings Test" tests="3" failures="0" timestamp="21 Dec 2016 07:00:58 GMT" time="0.003" errors="0">
  <testcase name="test_Settings" time="0.0" classname="com.testcases.Settings">
    <skipped/>
  </testcase> <!-- test_Settings -->
  <testcase name="test_Feedback" time="0.0" classname="com.testcases.Settings">
    <skipped/>
  </testcase> <!-- test_Feedback -->
  <testcase name="test_Support" time="0.001" classname="com.testcases.Settings">
    <skipped/>
  </testcase> <!-- test_Support -->
</testsuite> <!-- Settings Test -->
