<?xml version="1.0" encoding="UTF-8"?>
<!-- Generated by org.testng.reporters.JUnitXMLReporter -->
<testsuite hostname="Deepak-PC" name="irctc" tests="2" failures="1" timestamp="29 Jun 2017 12:02:58 GMT" time="31.383" errors="0">
  <testcase name="@AfterTest teardown" time="0.0" classname="Basic.irctc">
    <failure type="org.openqa.selenium.WebDriverException" message="Tried to run command without establishing a connection
Build info: version: &amp;apos;3.0.1&amp;apos;, revision: &amp;apos;1969d75&amp;apos;, time: &amp;apos;2016-10-18 09:49:13 -0700&amp;apos;
System info: host: &amp;apos;Deepak-PC&amp;apos;, ip: &amp;apos;192.168.100.148&amp;apos;, os.name: &amp;apos;Windows 7&amp;apos;, os.arch: &amp;apos;amd64&amp;apos;, os.version: &amp;apos;6.1&amp;apos;, java.version: &amp;apos;1.8.0_60&amp;apos;
Driver info: org.openqa.selenium.firefox.FirefoxDriver
Capabilities [{rotatable=false, raisesAccessibilityExceptions=false, marionette=true, firefoxOptions={args=[], prefs={}}, appBuildId=20161031133903, version=, platform=XP, proxy={}, command_id=1, specificationLevel=0, acceptSslCerts=false, browserVersion=47.0.2, platformVersion=6.1, XULappId={ec8030f7-c20a-464f-9b0e-13a3a9e97384}, browserName=Firefox, takesScreenshot=true, takesElementScreenshot=true, platformName=Windows_NT, device=desktop}]
Session ID: f9ff2377-8cd1-4bbf-a96f-2e1e6e542afd">
      <![CDATA[org.openqa.selenium.WebDriverException: Tried to run command without establishing a connection
Build info: version: '3.0.1', revision: '1969d75', time: '2016-10-18 09:49:13 -0700'
System info: host: 'Deepak-PC', ip: '192.168.100.148', os.name: 'Windows 7', os.arch: 'amd64', os.version: '6.1', java.version: '1.8.0_60'
Driver info: org.openqa.selenium.firefox.FirefoxDriver
Capabilities [{rotatable=false, raisesAccessibilityExceptions=false, marionette=true, firefoxOptions={args=[], prefs={}}, appBuildId=20161031133903, version=, platform=XP, proxy={}, command_id=1, specificationLevel=0, acceptSslCerts=false, browserVersion=47.0.2, platformVersion=6.1, XULappId={ec8030f7-c20a-464f-9b0e-13a3a9e97384}, browserName=Firefox, takesScreenshot=true, takesElementScreenshot=true, platformName=Windows_NT, device=desktop}]
Session ID: f9ff2377-8cd1-4bbf-a96f-2e1e6e542afd
	at org.openqa.selenium.remote.http.W3CHttpResponseCodec.createException(W3CHttpResponseCodec.java:127)
	at org.openqa.selenium.remote.http.W3CHttpResponseCodec.decode(W3CHttpResponseCodec.java:93)
	at org.openqa.selenium.remote.http.W3CHttpResponseCodec.decode(W3CHttpResponseCodec.java:42)
	at org.openqa.selenium.remote.HttpCommandExecutor.execute(HttpCommandExecutor.java:163)
	at org.openqa.selenium.remote.service.DriverCommandExecutor.execute(DriverCommandExecutor.java:82)
	at org.openqa.selenium.remote.RemoteWebDriver.execute(RemoteWebDriver.java:601)
	at org.openqa.selenium.remote.RemoteWebDriver.execute(RemoteWebDriver.java:658)
	at org.openqa.selenium.remote.RemoteWebDriver.quit(RemoteWebDriver.java:497)
	at Basic.irctc.teardown(irctc.java:70)
... Removed 26 stack frames]]>
    </failure>
  </testcase> <!-- @AfterTest teardown -->
  <testcase name="testMethod" time="8.589" classname="Basic.irctc"/>
  <testcase name="Login" time="17.59" classname="Basic.irctc">
    <failure type="org.openqa.selenium.WebDriverException" message="Failed to decode response from marionette
Build info: version: &amp;apos;3.0.1&amp;apos;, revision: &amp;apos;1969d75&amp;apos;, time: &amp;apos;2016-10-18 09:49:13 -0700&amp;apos;
System info: host: &amp;apos;Deepak-PC&amp;apos;, ip: &amp;apos;192.168.100.148&amp;apos;, os.name: &amp;apos;Windows 7&amp;apos;, os.arch: &amp;apos;amd64&amp;apos;, os.version: &amp;apos;6.1&amp;apos;, java.version: &amp;apos;1.8.0_60&amp;apos;
Driver info: org.openqa.selenium.firefox.FirefoxDriver
Capabilities [{rotatable=false, raisesAccessibilityExceptions=false, marionette=true, firefoxOptions={args=[], prefs={}}, appBuildId=20161031133903, version=, platform=XP, proxy={}, command_id=1, specificationLevel=0, acceptSslCerts=false, browserVersion=47.0.2, platformVersion=6.1, XULappId={ec8030f7-c20a-464f-9b0e-13a3a9e97384}, browserName=Firefox, takesScreenshot=true, takesElementScreenshot=true, platformName=Windows_NT, device=desktop}]
Session ID: f9ff2377-8cd1-4bbf-a96f-2e1e6e542afd
*** Element info: {Using=xpath, value=.//*[@id=&amp;apos;jpform:fromStation&amp;apos;]}">
      <![CDATA[org.openqa.selenium.WebDriverException: Failed to decode response from marionette
Build info: version: '3.0.1', revision: '1969d75', time: '2016-10-18 09:49:13 -0700'
System info: host: 'Deepak-PC', ip: '192.168.100.148', os.name: 'Windows 7', os.arch: 'amd64', os.version: '6.1', java.version: '1.8.0_60'
Driver info: org.openqa.selenium.firefox.FirefoxDriver
Capabilities [{rotatable=false, raisesAccessibilityExceptions=false, marionette=true, firefoxOptions={args=[], prefs={}}, appBuildId=20161031133903, version=, platform=XP, proxy={}, command_id=1, specificationLevel=0, acceptSslCerts=false, browserVersion=47.0.2, platformVersion=6.1, XULappId={ec8030f7-c20a-464f-9b0e-13a3a9e97384}, browserName=Firefox, takesScreenshot=true, takesElementScreenshot=true, platformName=Windows_NT, device=desktop}]
Session ID: f9ff2377-8cd1-4bbf-a96f-2e1e6e542afd
*** Element info: {Using=xpath, value=.//*[@id='jpform:fromStation']}
	at org.openqa.selenium.remote.http.W3CHttpResponseCodec.createException(W3CHttpResponseCodec.java:127)
	at org.openqa.selenium.remote.http.W3CHttpResponseCodec.decode(W3CHttpResponseCodec.java:93)
	at org.openqa.selenium.remote.http.W3CHttpResponseCodec.decode(W3CHttpResponseCodec.java:42)
	at org.openqa.selenium.remote.HttpCommandExecutor.execute(HttpCommandExecutor.java:163)
	at org.openqa.selenium.remote.service.DriverCommandExecutor.execute(DriverCommandExecutor.java:82)
	at org.openqa.selenium.remote.RemoteWebDriver.execute(RemoteWebDriver.java:601)
	at org.openqa.selenium.remote.RemoteWebDriver.findElement(RemoteWebDriver.java:368)
	at org.openqa.selenium.remote.RemoteWebDriver.findElementByXPath(RemoteWebDriver.java:473)
	at org.openqa.selenium.By$ByXPath.findElement(By.java:361)
	at org.openqa.selenium.remote.RemoteWebDriver.findElement(RemoteWebDriver.java:360)
	at Basic.irctc.Login(irctc.java:39)
... Removed 28 stack frames]]>
    </failure>
  </testcase> <!-- Login -->
</testsuite> <!-- irctc -->
